{"/home/noamgolani/cb4s/asyncDB/DB.js": {"path":"/home/noamgolani/cb4s/asyncDB/DB.js","statementMap":{"0":{"start":{"line":9,"column":4},"end":{"line":9,"column":20}},"1":{"start":{"line":10,"column":4},"end":{"line":10,"column":47}},"2":{"start":{"line":10,"column":33},"end":{"line":10,"column":47}},"3":{"start":{"line":14,"column":15},"end":{"line":14,"column":19}},"4":{"start":{"line":15,"column":4},"end":{"line":22,"column":6}},"5":{"start":{"line":23,"column":4},"end":{"line":23,"column":14}}},"fnMap":{"0":{"name":"(anonymous_0)","decl":{"start":{"line":8,"column":2},"end":{"line":8,"column":3}},"loc":{"start":{"line":8,"column":19},"end":{"line":11,"column":3}},"line":8},"1":{"name":"(anonymous_1)","decl":{"start":{"line":13,"column":2},"end":{"line":13,"column":3}},"loc":{"start":{"line":13,"column":38},"end":{"line":24,"column":3}},"line":13}},"branchMap":{"0":{"loc":{"start":{"line":10,"column":4},"end":{"line":10,"column":47}},"type":"if","locations":[{"start":{"line":10,"column":4},"end":{"line":10,"column":47}},{"start":{},"end":{}}],"line":10},"1":{"loc":{"start":{"line":13,"column":20},"end":{"line":13,"column":36}},"type":"default-arg","locations":[{"start":{"line":13,"column":31},"end":{"line":13,"column":36}}],"line":13}},"s":{"0":3,"1":3,"2":1,"3":1,"4":1,"5":1},"f":{"0":3,"1":1},"b":{"0":[1,2],"1":[1]},"_coverageSchema":"1a1c01bbd47fc00a2c39e90264f33305004495a9","hash":"be3411f567b30727aca90f66e1574be35b2d194b"}
}
